<?xml version="1.0" encoding="UTF-8"?>
<testsuite xmlns:xsi="http://www.w3.org/2001/XMLSchema-instance" xsi:noNamespaceSchemaLocation="https://maven.apache.org/surefire/maven-surefire-plugin/xsd/surefire-test-report-3.0.xsd" version="3.0" name="com.iamf.commons.CommonsApplicationTests" time="2.306" tests="1" errors="0" skipped="0" failures="0">
  <properties>
[...]
</properties>
  <testcase name="contextLoads" classname="com.iamf.commons.CommonsApplicationTests" time="0.829">
    <system-out><![CDATA[13:33:37.345 [main] INFO org.springframework.test.context.support.AnnotationConfigContextLoaderUtils -- Could not detect default configuration classes for test class [com.iamf.commons.CommonsApplicationTests]: CommonsApplicationTests does not declare any static, non-private, non-final, nested classes annotated with @Configuration.
13:33:37.472 [main] INFO org.springframework.boot.test.context.SpringBootTestContextBootstrapper -- Found @SpringBootConfiguration com.iamf.commons.CommonsApplication for test class com.iamf.commons.CommonsApplicationTests

  .   ____          _            __ _ _
 /\\ / ___'_ __ _ _(_)_ __  __ _ \ \ \ \
( ( )\___ | '_ | '_| | '_ \/ _` | \ \ \ \
 \\/  ___)| |_)| | | | | || (_| |  ) ) ) )
  '  |____| .__|_| |_|_| |_\__, | / / / /
 =========|_|==============|___/=/_/_/_/
 :: Spring Boot ::               (v3.1.11)

2025-01-18T13:33:37.970-06:00  INFO 16496 --- [           main] c.iamf.commons.CommonsApplicationTests   : Starting CommonsApplicationTests using Java 17.0.10 with PID 16496 (started by iamf_ in C:\Users\iamf_\OneDrive\Desktop\Drive\Irving\Programacion\Proyectos\eConsulta\eConsulta-Back\commons)
2025-01-18T13:33:37.973-06:00  INFO 16496 --- [           main] c.iamf.commons.CommonsApplicationTests   : No active profile set, falling back to 1 default profile: "default"
2025-01-18T13:33:38.663-06:00  INFO 16496 --- [           main] c.iamf.commons.CommonsApplicationTests   : Started CommonsApplicationTests in 0.966 seconds (process running for 2.01)
]]></system-out>
  </testcase>
</testsuite>